<?xml version="1.0" encoding="UTF-8"?>
<!-- Generated by org.testng.reporters.JUnitXMLReporter -->
<testsuite hostname="DESKTOP-FTG8IO1" ignored="0" name="Web Test" tests="5" failures="2" timestamp="29 Nov 2020 23:29:57 GMT" time="50.681" errors="0">
  <testcase name="test01_login" time="7.793" classname="SanityTests.grafanaWeb">
    <failure type="org.openqa.selenium.TimeoutException" message="Expected condition failed: waiting for element to be clickable: [[ChromeDriver: chrome on WINDOWS (eaba9e536a0e8c251d1ba72ac68a255c)] -&amp;gt; css selector: a[class=&amp;apos;css-1d9e5zy-button&amp;apos;]] (tried for 5 second(s) with 500 milliseconds interval)
Build info: version: &amp;apos;3.141.59&amp;apos;, revision: &amp;apos;e82be7d358&amp;apos;, time: &amp;apos;2018-11-14T08:17:03&amp;apos;
System info: host: &amp;apos;DESKTOP-FTG8IO1&amp;apos;, ip: &amp;apos;192.168.1.30&amp;apos;, os.name: &amp;apos;Windows 10&amp;apos;, os.arch: &amp;apos;amd64&amp;apos;, os.version: &amp;apos;10.0&amp;apos;, java.version: &amp;apos;1.8.0_211&amp;apos;
Driver info: org.openqa.selenium.chrome.ChromeDriver
Capabilities {acceptInsecureCerts: false, browserName: chrome, browserVersion: 87.0.4280.66, chrome: {chromedriverVersion: 87.0.4280.20 (c99e81631faa0..., userDataDir: C:\Users\SHALOM~1\AppData\L...}, goog:chromeOptions: {debuggerAddress: localhost:54212}, javascriptEnabled: true, networkConnectionEnabled: false, pageLoadStrategy: normal, platform: WINDOWS, platformName: WINDOWS, proxy: Proxy(), setWindowRect: true, strictFileInteractability: false, timeouts: {implicit: 0, pageLoad: 300000, script: 30000}, unhandledPromptBehavior: dismiss and notify, webauthn:virtualAuthenticators: true}
Session ID: eaba9e536a0e8c251d1ba72ac68a255c">
      <![CDATA[org.openqa.selenium.TimeoutException: Expected condition failed: waiting for element to be clickable: [[ChromeDriver: chrome on WINDOWS (eaba9e536a0e8c251d1ba72ac68a255c)] -> css selector: a[class='css-1d9e5zy-button']] (tried for 5 second(s) with 500 milliseconds interval)
Build info: version: '3.141.59', revision: 'e82be7d358', time: '2018-11-14T08:17:03'
System info: host: 'DESKTOP-FTG8IO1', ip: '192.168.1.30', os.name: 'Windows 10', os.arch: 'amd64', os.version: '10.0', java.version: '1.8.0_211'
Driver info: org.openqa.selenium.chrome.ChromeDriver
Capabilities {acceptInsecureCerts: false, browserName: chrome, browserVersion: 87.0.4280.66, chrome: {chromedriverVersion: 87.0.4280.20 (c99e81631faa0..., userDataDir: C:\Users\SHALOM~1\AppData\L...}, goog:chromeOptions: {debuggerAddress: localhost:54212}, javascriptEnabled: true, networkConnectionEnabled: false, pageLoadStrategy: normal, platform: WINDOWS, platformName: WINDOWS, proxy: Proxy(), setWindowRect: true, strictFileInteractability: false, timeouts: {implicit: 0, pageLoad: 300000, script: 30000}, unhandledPromptBehavior: dismiss and notify, webauthn:virtualAuthenticators: true}
Session ID: eaba9e536a0e8c251d1ba72ac68a255c
at org.openqa.selenium.support.ui.WebDriverWait.timeoutException(WebDriverWait.java:95)
at org.openqa.selenium.support.ui.FluentWait.until(FluentWait.java:272)
at Extensions.UIActions.click(UIActions.java:14)
at WorkFlows.webFlows.login(webFlows.java:16)
at SanityTests.grafanaWeb.test01_login(grafanaWeb.java:18)
... Removed 29 stack frames]]>
    </failure>
  </testcase> <!-- test01_login -->
  <testcase name="test02_VerifyDefaultUsers" time="0.559" classname="SanityTests.grafanaWeb"/>
  <testcase name="test03_AddAndVerifiedUser" time="1.2" classname="SanityTests.grafanaWeb"/>
  <testcase name="test04_DeleteAndVerifiedUser" time="0.963" classname="SanityTests.grafanaWeb"/>
  <testcase name="test05_VerifyAvatar" time="0.794" classname="SanityTests.grafanaWeb">
    <failure type="java.lang.NullPointerException">
      <![CDATA[java.lang.NullPointerException
at ru.yandex.qatools.ashot.coordinates.Coords.ofImage(Coords.java:52)
at ru.yandex.qatools.ashot.Screenshot.<init>(Screenshot.java:49)
at ru.yandex.qatools.ashot.comparison.ImageDiffer.makeDiff(ImageDiffer.java:96)
at Extensions.Verifications.visualElement(Verifications.java:53)
at SanityTests.grafanaWeb.test05_VerifyAvatar(grafanaWeb.java:62)
... Removed 29 stack frames]]>
    </failure>
  </testcase> <!-- test05_VerifyAvatar -->
</testsuite> <!-- Web Test -->
